#
# A fatal error has been detected by the Java Runtime Environment:
#
#  EXCEPTION_ACCESS_VIOLATION (0xc0000005) at pc=0x04bfde7a, pid=5160, tid=2100
#
# JRE version: 7.0_07-b11
# Java VM: Java HotSpot(TM) Client VM (23.3-b01 mixed mode, sharing windows-x86 )
# Problematic frame:
# C  [OpenAL32.dll+0xde7a]  alProcessUpdatesSOFT+0x122f
#
# Failed to write core dump. Minidumps are not enabled by default on client versions of Windows
#
# If you would like to submit a bug report, please visit:
#   http://bugreport.sun.com/bugreport/crash.jsp
# The crash happened outside the Java Virtual Machine in native code.
# See problematic frame for where to report the bug.
#

---------------  T H R E A D  ---------------

Current thread (0x030fe400):  JavaThread "jME3 Audio Thread" daemon [_thread_in_native, id=2100, stack(0x04ba0000,0x04bf0000)]

siginfo: ExceptionCode=0xc0000005, reading address 0x0311a004

Registers:
EAX=0x0311a004, EBX=0x00000001, ECX=0x04cc0050, EDX=0x031185d0
ESP=0x04bef9a8, EBP=0x04bef9d8, ESI=0x04cc0050, EDI=0x03119fec
EIP=0x04bfde7a, EFLAGS=0x00210206

Top of Stack: (sp=0x04bef9a8)
0x04bef9a8:   00000001 04cc0050 00000004 00000002
0x04bef9b8:   000000ff 02aeb7f8 008576e0 04bfe54a
0x04bef9c8:   00000004 0000ac44 00000006 32dcb698
0x04bef9d8:   04bef9ec 04bfef0d 030fe400 32dcb698
0x04bef9e8:   32dcb698 04befa3c 10005aa0 04cc0050
0x04bef9f8:   03119fec 009ca707 030fe528 04befa44
0x04befa08:   04cc0050 00000000 03119fec 00000000
0x04befa18:   030de52c 04befa1c 32dcb698 04befa58 

Instructions: (pc=0x04bfde7a)
0x04bfde5a:   02 8b d9 2b cb 89 4d e0 81 fa 03 00 02 00 75 06
0x04bfde6a:   8b 40 04 89 45 f0 83 45 f8 02 8b 45 f8 8d 04 87
0x04bfde7a:   83 38 00 75 b3 8d 45 f4 50 68 7c e8 c2 04 6a 00
0x04bfde8a:   e8 6a 4e 00 00 b8 40 1f 00 00 83 c4 0c 39 45 f4 


Register to memory mapping:

EAX=0x0311a004 is an unknown value
EBX=0x00000001 is an unknown value
ECX=0x04cc0050 is an unknown value
EDX=0x031185d0 is an unknown value
ESP=0x04bef9a8 is pointing into the stack for thread: 0x030fe400
EBP=0x04bef9d8 is pointing into the stack for thread: 0x030fe400
ESI=0x04cc0050 is an unknown value
EDI=0x03119fec is an unknown value


Stack: [0x04ba0000,0x04bf0000],  sp=0x04bef9a8,  free space=318k
Native frames: (J=compiled Java code, j=interpreted, Vv=VM code, C=native code)
C  [OpenAL32.dll+0xde7a]  alProcessUpdatesSOFT+0x122f
C  [OpenAL32.dll+0xef0d]  alcCreateContext+0x45
C  [lwjgl.dll+0x5aa0]  Java_org_lwjgl_openal_AL11_initNativeStubs+0x470
j  org.lwjgl.openal.ALC10.alcCreateContext(Lorg/lwjgl/openal/ALCdevice;Ljava/nio/IntBuffer;)Lorg/lwjgl/openal/ALCcontext;+8
j  org.lwjgl.openal.AL.init(Ljava/lang/String;IIZZ)V+69
j  org.lwjgl.openal.AL.create(Ljava/lang/String;IIZZ)V+227
j  org.lwjgl.openal.AL.create(Ljava/lang/String;IIZ)V+5
j  org.lwjgl.openal.AL.create()V+6
j  com.jme3.audio.lwjgl.LwjglAudioRenderer.initInThread()V+6
j  com.jme3.audio.lwjgl.LwjglAudioRenderer.run()V+1
j  java.lang.Thread.run()V+11
v  ~StubRoutines::call_stub
V  [jvm.dll+0x12a39a]
V  [jvm.dll+0x1d962e]
V  [jvm.dll+0x12a583]
V  [jvm.dll+0x12a5e7]
V  [jvm.dll+0xd315f]
V  [jvm.dll+0x14a697]
V  [jvm.dll+0x14a800]
V  [jvm.dll+0x17efe9]
C  [msvcr100.dll+0x5c6de]  endthreadex+0x3a
C  [msvcr100.dll+0x5c788]  endthreadex+0xe4
C  [kernel32.dll+0xb729]  GetModuleFileNameA+0x1ba

Java frames: (J=compiled Java code, j=interpreted, Vv=VM code)
j  org.lwjgl.openal.ALC10.nalcCreateContext(JJ)J+0
j  org.lwjgl.openal.ALC10.alcCreateContext(Lorg/lwjgl/openal/ALCdevice;Ljava/nio/IntBuffer;)Lorg/lwjgl/openal/ALCcontext;+8
j  org.lwjgl.openal.AL.init(Ljava/lang/String;IIZZ)V+69
j  org.lwjgl.openal.AL.create(Ljava/lang/String;IIZZ)V+227
j  org.lwjgl.openal.AL.create(Ljava/lang/String;IIZ)V+5
j  org.lwjgl.openal.AL.create()V+6
j  com.jme3.audio.lwjgl.LwjglAudioRenderer.initInThread()V+6
j  com.jme3.audio.lwjgl.LwjglAudioRenderer.run()V+1
j  java.lang.Thread.run()V+11
v  ~StubRoutines::call_stub

---------------  P R O C E S S  ---------------

Java Threads: ( => current thread )
=>0x030fe400 JavaThread "jME3 Audio Thread" daemon [_thread_in_native, id=2100, stack(0x04ba0000,0x04bf0000)]
  0x00858c00 JavaThread "DestroyJavaVM" [_thread_blocked, id=4980, stack(0x00940000,0x00990000)]
  0x03032000 JavaThread "LWJGL Renderer Thread" [_thread_blocked, id=3452, stack(0x03140000,0x03190000)]
  0x02aec000 JavaThread "Service Thread" daemon [_thread_blocked, id=2464, stack(0x02ea0000,0x02ef0000)]
  0x02ae9800 JavaThread "C1 CompilerThread0" daemon [_thread_blocked, id=5156, stack(0x02e50000,0x02ea0000)]
  0x02ae4800 JavaThread "Attach Listener" daemon [_thread_blocked, id=3472, stack(0x02e00000,0x02e50000)]
  0x02ae3400 JavaThread "Signal Dispatcher" daemon [_thread_blocked, id=4612, stack(0x02db0000,0x02e00000)]
  0x02ad4800 JavaThread "Finalizer" daemon [_thread_blocked, id=3400, stack(0x02d40000,0x02d90000)]
  0x02acfc00 JavaThread "Reference Handler" daemon [_thread_blocked, id=3304, stack(0x02cf0000,0x02d40000)]

Other Threads:
  0x02ace000 VMThread [stack: 0x02ca0000,0x02cf0000] [id=1096]
  0x02aff000 WatcherThread [stack: 0x02ef0000,0x02f40000] [id=5356]

VM state:not at safepoint (normal execution)

VM Mutex/Monitor currently owned by a thread: None

Heap
 def new generation   total 4928K, used 3413K [0x22b40000, 0x23090000, 0x28090000)
  eden space 4416K,  65% used [0x22b40000, 0x22e156b8, 0x22f90000)
  from space 512K, 100% used [0x22f90000, 0x23010000, 0x23010000)
  to   space 512K,   0% used [0x23010000, 0x23010000, 0x23090000)
 tenured generation   total 10944K, used 1697K [0x28090000, 0x28b40000, 0x32b40000)
   the space 10944K,  15% used [0x28090000, 0x28238400, 0x28238400, 0x28b40000)
 compacting perm gen  total 12288K, used 2616K [0x32b40000, 0x33740000, 0x36b40000)
   the space 12288K,  21% used [0x32b40000, 0x32dce1e0, 0x32dce200, 0x33740000)
    ro space 10240K,  45% used [0x36b40000, 0x36fc4650, 0x36fc4800, 0x37540000)
    rw space 12288K,  54% used [0x37540000, 0x37bc7e58, 0x37bc8000, 0x38140000)

Card table byte_map: [0x02b40000,0x02bf0000] byte_map_base: 0x02a2a600

Polling page: 0x00990000

Code Cache  [0x009c0000, 0x00aa0000, 0x029c0000)
 total_blobs=433 nmethods=200 adapters=168 free_code_cache=31903Kb largest_free_block=32668672

Compilation events (10 events):
Event: 1.144 Thread 0x02ae9800  196             java.util.regex.Pattern$Curly::match0 (174 bytes)
Event: 1.144 Thread 0x02ae9800 nmethod 196 0x00a967c8 code [0x00a96930, 0x00a96bd8]
Event: 1.173 Thread 0x02ae9800  197             java.lang.ClassLoader::checkName (43 bytes)
Event: 1.173 Thread 0x02ae9800 nmethod 197 0x00a97448 code [0x00a97570, 0x00a97728]
Event: 1.173 Thread 0x02ae9800  198             sun.misc.VM::allowArraySyntax (4 bytes)
Event: 1.173 Thread 0x02ae9800 nmethod 198 0x00a97908 code [0x00a97a00, 0x00a97a80]
Event: 1.177 Thread 0x02ae9800  199             java.util.HashMap::get (29 bytes)
Event: 1.177 Thread 0x02ae9800 nmethod 199 0x00a97ac8 code [0x00a97be0, 0x00a97d0c]
Event: 1.192 Thread 0x02ae9800  201             java.util.zip.Inflater::ensureOpen (47 bytes)
Event: 1.193 Thread 0x02ae9800 nmethod 201 0x00a98148 code [0x00a98250, 0x00a9835c]

GC Heap History (4 events):
Event: 0.807 GC heap before
{Heap before GC invocations=0 (full 0):
 def new generation   total 4928K, used 4416K [0x22b40000, 0x23090000, 0x28090000)
  eden space 4416K, 100% used [0x22b40000, 0x22f90000, 0x22f90000)
  from space 512K,   0% used [0x22f90000, 0x22f90000, 0x23010000)
  to   space 512K,   0% used [0x23010000, 0x23010000, 0x23090000)
 tenured generation   total 10944K, used 0K [0x28090000, 0x28b40000, 0x32b40000)
   the space 10944K,   0% used [0x28090000, 0x28090000, 0x28090200, 0x28b40000)
 compacting perm gen  total 12288K, used 1115K [0x32b40000, 0x33740000, 0x36b40000)
   the space 12288K,   9% used [0x32b40000, 0x32c56ea8, 0x32c57000, 0x33740000)
    ro space 10240K,  45% used [0x36b40000, 0x36fc4650, 0x36fc4800, 0x37540000)
    rw space 12288K,  54% used [0x37540000, 0x37bc7e58, 0x37bc8000, 0x38140000)
Event: 0.812 GC heap after
Heap after GC invocations=1 (full 0):
 def new generation   total 4928K, used 512K [0x22b40000, 0x23090000, 0x28090000)
  eden space 4416K,   0% used [0x22b40000, 0x22b40000, 0x22f90000)
  from space 512K, 100% used [0x23010000, 0x23090000, 0x23090000)
  to   space 512K,   0% used [0x22f90000, 0x22f90000, 0x23010000)
 tenured generation   total 10944K, used 659K [0x28090000, 0x28b40000, 0x32b40000)
   the space 10944K,   6% used [0x28090000, 0x28134c88, 0x28134e00, 0x28b40000)
 compacting perm gen  total 12288K, used 1115K [0x32b40000, 0x33740000, 0x36b40000)
   the space 12288K,   9% used [0x32b40000, 0x32c56ea8, 0x32c57000, 0x33740000)
    ro space 10240K,  45% used [0x36b40000, 0x36fc4650, 0x36fc4800, 0x37540000)
    rw space 12288K,  54% used [0x37540000, 0x37bc7e58, 0x37bc8000, 0x38140000)
}
Event: 1.112 GC heap before
{Heap before GC invocations=1 (full 0):
 def new generation   total 4928K, used 4928K [0x22b40000, 0x23090000, 0x28090000)
  eden space 4416K, 100% used [0x22b40000, 0x22f90000, 0x22f90000)
  from space 512K, 100% used [0x23010000, 0x23090000, 0x23090000)
  to   space 512K,   0% used [0x22f90000, 0x22f90000, 0x23010000)
 tenured generation   total 10944K, used 659K [0x28090000, 0x28b40000, 0x32b40000)
   the space 10944K,   6% used [0x28090000, 0x28134c88, 0x28134e00, 0x28b40000)
 compacting perm gen  total 12288K, used 2106K [0x32b40000, 0x33740000, 0x36b40000)
   the space 12288K,  17% used [0x32b40000, 0x32d4ebb8, 0x32d4ec00, 0x33740000)
    ro space 10240K,  45% used [0x36b40000, 0x36fc4650, 0x36fc4800, 0x37540000)
    rw space 12288K,  54% used [0x37540000, 0x37bc7e58, 0x37bc8000, 0x38140000)
Event: 1.118 GC heap after
Heap after GC invocations=2 (full 0):
 def new generation   total 4928K, used 512K [0x22b40000, 0x23090000, 0x28090000)
  eden space 4416K,   0% used [0x22b40000, 0x22b40000, 0x22f90000)
  from space 512K, 100% used [0x22f90000, 0x23010000, 0x23010000)
  to   space 512K,   0% used [0x23010000, 0x23010000, 0x23090000)
 tenured generation   total 10944K, used 1697K [0x28090000, 0x28b40000, 0x32b40000)
   the space 10944K,  15% used [0x28090000, 0x28238400, 0x28238400, 0x28b40000)
 compacting perm gen  total 12288K, used 2106K [0x32b40000, 0x33740000, 0x36b40000)
   the space 12288K,  17% used [0x32b40000, 0x32d4ebb8, 0x32d4ec00, 0x33740000)
    ro space 10240K,  45% used [0x36b40000, 0x36fc4650, 0x36fc4800, 0x37540000)
    rw space 12288K,  54% used [0x37540000, 0x37bc7e58, 0x37bc8000, 0x38140000)
}

Deoptimization events (0 events):
No events

Internal exceptions (10 events):
Event: 1.208 Thread 0x030fe400 Threw 0x22df3aa0 at C:\jdk7u1_32P\jdk7u7\hotspot\src\share\vm\prims\jni.cpp:716
Event: 1.208 Thread 0x030fe400 Threw 0x22df3ea0 at C:\jdk7u1_32P\jdk7u7\hotspot\src\share\vm\prims\jni.cpp:716
Event: 1.208 Thread 0x030fe400 Threw 0x22df4248 at C:\jdk7u1_32P\jdk7u7\hotspot\src\share\vm\prims\jni.cpp:716
Event: 1.208 Thread 0x030fe400 Threw 0x22df45f0 at C:\jdk7u1_32P\jdk7u7\hotspot\src\share\vm\prims\jni.cpp:716
Event: 1.209 Thread 0x030fe400 Threw 0x22df4ac0 at C:\jdk7u1_32P\jdk7u7\hotspot\src\share\vm\prims\jni.cpp:716
Event: 1.210 Thread 0x030fe400 Threw 0x22df5150 at C:\jdk7u1_32P\jdk7u7\hotspot\src\share\vm\prims\jvm.cpp:1166
Event: 1.212 Thread 0x030fe400 Threw 0x22dff740 at C:\jdk7u1_32P\jdk7u7\hotspot\src\share\vm\prims\jvm.cpp:1166
Event: 1.429 Thread 0x030fe400 Threw 0x22e05cf8 at C:\jdk7u1_32P\jdk7u7\hotspot\src\share\vm\prims\jvm.cpp:1166
Event: 1.429 Thread 0x030fe400 Threw 0x22e09218 at C:\jdk7u1_32P\jdk7u7\hotspot\src\share\vm\prims\jvm.cpp:1166
Event: 1.430 Thread 0x030fe400 Threw 0x22e0c150 at C:\jdk7u1_32P\jdk7u7\hotspot\src\share\vm\prims\jvm.cpp:1166

Events (10 events):
Event: 1.210 loading class 0x030d9af0
Event: 1.210 loading class 0x030d9af0 done
Event: 1.212 loading class 0x030d9a00
Event: 1.212 loading class 0x030d9a00 done
Event: 1.428 loading class 0x03119c68
Event: 1.429 loading class 0x03119c68 done
Event: 1.429 loading class 0x030fed50
Event: 1.429 loading class 0x030fed50 done
Event: 1.430 loading class 0x03119c98
Event: 1.430 loading class 0x03119c98 done


Dynamic libraries:
0x00400000 - 0x0042f000 	C:\Program Files\Java\jdk1.7.0_07\bin\javaw.exe
0x7c900000 - 0x7c9b2000 	C:\WINDOWS\system32\ntdll.dll
0x7c800000 - 0x7c8f6000 	C:\WINDOWS\system32\kernel32.dll
0x77dd0000 - 0x77e6b000 	C:\WINDOWS\system32\ADVAPI32.dll
0x77e70000 - 0x77f03000 	C:\WINDOWS\system32\RPCRT4.dll
0x77fe0000 - 0x77ff1000 	C:\WINDOWS\system32\Secur32.dll
0x7e410000 - 0x7e4a1000 	C:\WINDOWS\system32\USER32.dll
0x77f10000 - 0x77f59000 	C:\WINDOWS\system32\GDI32.dll
0x773d0000 - 0x774d3000 	C:\WINDOWS\WinSxS\x86_Microsoft.Windows.Common-Controls_6595b64144ccf1df_6.0.2600.6028_x-ww_61e65202\COMCTL32.dll
0x77c10000 - 0x77c68000 	C:\WINDOWS\system32\msvcrt.dll
0x77f60000 - 0x77fd6000 	C:\WINDOWS\system32\SHLWAPI.dll
0x76390000 - 0x763ad000 	C:\WINDOWS\system32\IMM32.DLL
0x78aa0000 - 0x78b5e000 	C:\Program Files\Java\jdk1.7.0_07\jre\bin\msvcr100.dll
0x6e890000 - 0x6ebdc000 	C:\Program Files\Java\jdk1.7.0_07\jre\bin\client\jvm.dll
0x71ad0000 - 0x71ad9000 	C:\WINDOWS\system32\WSOCK32.dll
0x71ab0000 - 0x71ac7000 	C:\WINDOWS\system32\WS2_32.dll
0x71aa0000 - 0x71aa8000 	C:\WINDOWS\system32\WS2HELP.dll
0x76b40000 - 0x76b6d000 	C:\WINDOWS\system32\WINMM.dll
0x76bf0000 - 0x76bfb000 	C:\WINDOWS\system32\PSAPI.DLL
0x6e7e0000 - 0x6e7ec000 	C:\Program Files\Java\jdk1.7.0_07\jre\bin\verify.dll
0x6d590000 - 0x6d5b0000 	C:\Program Files\Java\jdk1.7.0_07\jre\bin\java.dll
0x6e870000 - 0x6e883000 	C:\Program Files\Java\jdk1.7.0_07\jre\bin\zip.dll
0x6e5a0000 - 0x6e5b4000 	C:\Program Files\Java\jdk1.7.0_07\jre\bin\net.dll
0x6e5c0000 - 0x6e5cf000 	C:\Program Files\Java\jdk1.7.0_07\jre\bin\nio.dll
0x10000000 - 0x1004c000 	C:\Documents and Settings\doda\workspace\genesis\lwjgl.dll
0x5ed00000 - 0x5edcc000 	C:\WINDOWS\system32\OPENGL32.dll
0x68b20000 - 0x68b40000 	C:\WINDOWS\system32\GLU32.dll
0x73760000 - 0x737ab000 	C:\WINDOWS\system32\DDRAW.dll
0x73bc0000 - 0x73bc6000 	C:\WINDOWS\system32\DCIMAN32.dll
0x77c00000 - 0x77c08000 	C:\WINDOWS\system32\VERSION.dll
0x5ad70000 - 0x5ada8000 	C:\WINDOWS\SYSTEM32\uxtheme.dll
0x74720000 - 0x7476c000 	C:\WINDOWS\system32\MSCTF.dll
0x03540000 - 0x036c5000 	C:\Program Files\NVIDIA Corporation\nview\nview.dll
0x7c9c0000 - 0x7d1d8000 	C:\WINDOWS\system32\SHELL32.dll
0x774e0000 - 0x7761e000 	C:\WINDOWS\system32\ole32.dll
0x77120000 - 0x771ab000 	C:\WINDOWS\system32\OLEAUT32.dll
0x77690000 - 0x776b1000 	C:\WINDOWS\system32\NTMARTA.DLL
0x71bf0000 - 0x71c03000 	C:\WINDOWS\system32\SAMLIB.dll
0x76f60000 - 0x76f8c000 	C:\WINDOWS\system32\WLDAP32.dll
0x755c0000 - 0x755ee000 	C:\WINDOWS\system32\msctfime.ime
0x69500000 - 0x6a642000 	C:\WINDOWS\system32\nvoglnt.dll
0x03de0000 - 0x03df1000 	C:\WINDOWS\system32\nvwddi.dll
0x73b30000 - 0x73b45000 	C:\WINDOWS\system32\mscms.dll
0x73000000 - 0x73026000 	C:\WINDOWS\system32\WINSPOOL.DRV
0x66e90000 - 0x66ed1000 	C:\WINDOWS\system32\icm32.dll
0x6d110000 - 0x6d252000 	C:\Program Files\Java\jdk1.7.0_07\jre\bin\awt.dll
0x04bf0000 - 0x04c55000 	C:\Documents and Settings\doda\workspace\genesis\OpenAL32.dll
0x76fd0000 - 0x7704f000 	C:\WINDOWS\system32\CLBCATQ.DLL
0x77050000 - 0x77115000 	C:\WINDOWS\system32\COMRes.dll
0x73f10000 - 0x73f6c000 	C:\WINDOWS\system32\dsound.dll
0x76c30000 - 0x76c5e000 	C:\WINDOWS\system32\WINTRUST.dll
0x77a80000 - 0x77b15000 	C:\WINDOWS\system32\CRYPT32.dll
0x77b20000 - 0x77b32000 	C:\WINDOWS\system32\MSASN1.dll
0x76c90000 - 0x76cb8000 	C:\WINDOWS\system32\IMAGEHLP.dll
0x72d20000 - 0x72d29000 	C:\WINDOWS\system32\wdmaud.drv
0x72d10000 - 0x72d18000 	C:\WINDOWS\system32\msacm32.drv
0x77be0000 - 0x77bf5000 	C:\WINDOWS\system32\MSACM32.dll
0x77bd0000 - 0x77bd7000 	C:\WINDOWS\system32\midimap.dll
0x73ee0000 - 0x73ee4000 	C:\WINDOWS\system32\KsUser.dll
0x59a60000 - 0x59b01000 	C:\WINDOWS\system32\dbghelp.dll

VM Arguments:
jvm_args: -Dfile.encoding=Cp1250 
java_command: genesis.Genesis
Launcher Type: SUN_STANDARD

Environment Variables:
PATH=C:/PROGRAM FILES/JAVA/JDK1.7.0_07/BIN/../jre/bin/client;C:/PROGRAM FILES/JAVA/JDK1.7.0_07/BIN/../jre/bin;C:/PROGRAM FILES/JAVA/JDK1.7.0_07/BIN/../jre/lib/i386;C:\PROGRAM FILES\NVIDIA CORPORATION\PHYSX\COMMON;C:\PROGRAM FILES\JAVA\JDK1.7.0_07\BIN;C:\WINDOWS\SYSTEM32;C:\WINDOWS;C:\WINDOWS\SYSTEM32\WBEM;C:\MINGW\BIN;C:\PROGRAM FILES\POSTGRESQL\9.1\LIB\;C:\PROGRAM FILES\POSTGRESQL\9.1\BIN\;C:\PYTHON26\;C:\PYTHON26\SCRIPTS;;C:\eclipse;
USERNAME=doda
OS=Windows_NT
PROCESSOR_IDENTIFIER=x86 Family 6 Model 23 Stepping 10, GenuineIntel



---------------  S Y S T E M  ---------------

OS: Windows XP Build 2600 Service Pack 3

CPU:total 4 (4 cores per cpu, 1 threads per core) family 6 model 23 stepping 10, cmov, cx8, fxsr, mmx, sse, sse2, sse3, ssse3, sse4.1, tsc

Memory: 4k page, physical 3406248k(1399172k free), swap 5330080k(3244548k free)

vm_info: Java HotSpot(TM) Client VM (23.3-b01) for windows-x86 JRE (1.7.0_07-b11), built on Sep  7 2012 01:40:56 by "java_re" with unknown MS VC++:1600

time: Wed May 15 15:02:52 2013
elapsed time: 1 seconds

